<?xml version="1.0" encoding="UTF-8"?>
<testsuite name="com.twu.biblioteca.CatalogueTest" tests="7" skipped="0" failures="0" errors="0" timestamp="2018-03-13T20:41:28" hostname="Adrianas-MacBook-Pro.local" time="0.028">
  <properties/>
  <testcase name="retrieveAvailableBookListTest" classname="com.twu.biblioteca.CatalogueTest" time="0.008"/>
  <testcase name="retrieveBookAuthorByTitleTest" classname="com.twu.biblioteca.CatalogueTest" time="0.001"/>
  <testcase name="setBookAvailableTest" classname="com.twu.biblioteca.CatalogueTest" time="0.001"/>
  <testcase name="retrieveLibraryItemListTest" classname="com.twu.biblioteca.CatalogueTest" time="0.006"/>
  <testcase name="setBookBookedTest" classname="com.twu.biblioteca.CatalogueTest" time="0.003"/>
  <testcase name="retrieveTitleByAuthorTest" classname="com.twu.biblioteca.CatalogueTest" time="0.001"/>
  <testcase name="bookAbookTest" classname="com.twu.biblioteca.CatalogueTest" time="0.0"/>
  <system-out><![CDATA[]]></system-out>
  <system-err><![CDATA[]]></system-err>
</testsuite>
