<?xml version="1.0" encoding="UTF-8"?>
<testsuite name="com.twu.biblioteca.BibliotecaAppTest" tests="3" skipped="0" failures="0" errors="0" timestamp="2018-03-13T20:41:30" hostname="Adrianas-MacBook-Pro.local" time="0.084">
  <properties/>
  <testcase name="shouldPrintWelcomeMessage" classname="com.twu.biblioteca.BibliotecaAppTest" time="0.052"/>
  <testcase name="shouldAddBookToList" classname="com.twu.biblioteca.BibliotecaAppTest" time="0.007"/>
  <testcase name="shouldCheckoutAbook" classname="com.twu.biblioteca.BibliotecaAppTest" time="0.003"/>
  <system-out><![CDATA[0
]]></system-out>
  <system-err><![CDATA[]]></system-err>
</testsuite>
