<?xml version="1.0" encoding="UTF-8"?>
<testsuite name="com.twu.biblioteca.ConsoleTest" tests="1" skipped="0" failures="0" errors="0" timestamp="2018-03-13T20:41:28" hostname="Adrianas-MacBook-Pro.local" time="0.395">
  <properties/>
  <testcase name="shouldPrintGreeting" classname="com.twu.biblioteca.ConsoleTest" time="0.395"/>
  <system-out><![CDATA[Welcome to Biblioteca!
]]></system-out>
  <system-err><![CDATA[]]></system-err>
</testsuite>
